Arguments: 
  /usr/local/bin/node /home/dsfig/.yarn/bin/yarn.js publish

PATH: 
  /home/dsfig/.yarn/bin:/home/dsfig/.config/yarn/global/node_modules/.bin:/home/dsfig/.vscode-server/bin/5763d909d5f12fe19f215cbfdd29a91c0fa9208a/bin:/home/dsfig/.cargo/bin:/home/dsfig/.yarn/bin:/home/dsfig/.config/yarn/global/node_modules/.bin:/usr/local/sbin:/usr/local/bin:/usr/sbin:/usr/bin:/sbin:/bin:/usr/games:/usr/local/games:/snap/bin

Yarn version: 
  1.21.1

Node version: 
  10.16.3

Platform: 
  linux x64

Trace: 
  Error: canceled
      at Interface.<anonymous> (/home/dsfig/.yarn/lib/cli.js:136925:13)
      at Interface.emit (events.js:198:13)
      at Interface._ttyWrite (readline.js:801:16)
      at ReadStream.onkeypress (readline.js:184:10)
      at ReadStream.emit (events.js:198:13)
      at emitKeys (internal/readline.js:424:14)
      at emitKeys.next (<anonymous>)
      at ReadStream.onData (readline.js:1075:36)
      at ReadStream.emit (events.js:198:13)
      at addChunk (_stream_readable.js:288:12)

npm manifest: 
  {
    "name": "simple-window-manager",
    "version": "2.0.0",
    "description": "A javascript-only Window Manager",
    "main": "public/simple-window-manager.min.js",
    "module": "public/simple-window-manager.es.js",
    "scripts": {
      "start": "rollup -c docs/rollup.debug.js",
      "docs": "jsdoc -c .jsdoc.json",
      "build-images": "node images/import",
      "build-demo": "rollup -c docs/rollup.config.js",
      "build": "rollup -c rollup.config.js",
      "prepublishOnly": "npm run build-demo && npm run docs"
    },
    "repository": {
      "type": "git",
      "url": "git+https://github.com/davidfig/window-manager.git"
    },
    "bugs": {
      "url": "https://github.com/davidfig/window-manager/issues"
    },
    "homepage": "https://github.com/davidfig/window-manager#readme",
    "author": "David Figatner (david@yopeyopey.com)",
    "license": "MIT",
    "dependencies": {
      "clicked": "^3.2.3",
      "eventemitter3": "^3.0.0"
    },
    "devDependencies": {
      "@rollup/plugin-commonjs": "^11.1.0",
      "@rollup/plugin-node-resolve": "^7.1.3",
      "fs-extra": "^9.0.0",
      "jsdoc": "^3.6.4",
      "rollup": "^2.10.2",
      "rollup-plugin-livereload": "^1.3.0",
      "rollup-plugin-serve": "^1.0.1",
      "rollup-plugin-terser": "^5.3.0",
      "taffydb": "^2.7.3",
      "underscore": "^1.10.2",
      "yy-fps": "^0.6.0",
      "yy-jsdoc-template": "^1.3.0",
      "yy-menu": "^1.6.1"
    }
  }

yarn manifest: 
  No manifest

Lockfile: 
  No lockfile
